apk/launcher/build/intermediates/manifest_merge_blame_file/debug/manifest-merger-blame-debug-report.txt
1<?xml version="1.0" encoding="utf-8"?>
2<!-- GENERATED BY UNITY. REMOVE THIS COMMENT TO PREVENT OVERWRITING WHEN EXPORTING AGAIN -->
3<manifest xmlns:android="http://schemas.android.com/apk/res/android"
4    package="com.DefaultCompany.BluRaii"
5    android:installLocation="preferExternal"
6    android:versionCode="1"
7    android:versionName="1.0" >
8
9    <uses-sdk
10        android:minSdkVersion="19"
10-->src\main\AndroidManifest.xml
11        android:targetSdkVersion="30" />
11-->src\main\AndroidManifest.xml
12
13    <supports-screens
13-->src\main\AndroidManifest.xml:4:3-163
14        android:anyDensity="true"
14-->src\main\AndroidManifest.xml:4:135-160
15        android:largeScreens="true"
15-->src\main\AndroidManifest.xml:4:78-105
16        android:normalScreens="true"
16-->src\main\AndroidManifest.xml:4:49-77
17        android:smallScreens="true"
17-->src\main\AndroidManifest.xml:4:21-48
18        android:xlargeScreens="true" />
18-->src\main\AndroidManifest.xml:4:106-134
19
20    <uses-feature android:glEsVersion="0x00020000" />
20-->[:unityLibrary] AndroidManifest.xml:13:5-54
20-->[:unityLibrary] AndroidManifest.xml:13:19-51
21
22    <uses-permission android:name="android.permission.INTERNET" />
22-->[:unityLibrary] AndroidManifest.xml:15:5-67
22-->[:unityLibrary] AndroidManifest.xml:15:22-64
23
24    <uses-feature
24-->[:unityLibrary] AndroidManifest.xml:17:5-19:36
25        android:name="android.hardware.touchscreen"
25-->[:unityLibrary] AndroidManifest.xml:18:9-52
26        android:required="false" />
26-->[:unityLibrary] AndroidManifest.xml:19:9-33
27    <uses-feature
27-->[:unityLibrary] AndroidManifest.xml:20:5-22:36
28        android:name="android.hardware.touchscreen.multitouch"
28-->[:unityLibrary] AndroidManifest.xml:21:9-63
29        android:required="false" />
29-->[:unityLibrary] AndroidManifest.xml:22:9-33
30    <uses-feature
30-->[:unityLibrary] AndroidManifest.xml:23:5-25:36
31        android:name="android.hardware.touchscreen.multitouch.distinct"
31-->[:unityLibrary] AndroidManifest.xml:24:9-72
32        android:required="false" />
32-->[:unityLibrary] AndroidManifest.xml:25:9-33
33
34    <application
34-->src\main\AndroidManifest.xml:5:3-154
35        android:banner="@drawable/app_banner"
35-->src\main\AndroidManifest.xml:5:114-151
36        android:debuggable="true"
37        android:extractNativeLibs="true"
37-->src\main\AndroidManifest.xml:5:16-48
38        android:icon="@mipmap/app_icon"
38-->src\main\AndroidManifest.xml:5:82-113
39        android:isGame="true"
39-->[:unityLibrary] AndroidManifest.xml:27:18-39
40        android:label="@string/app_name" >
40-->src\main\AndroidManifest.xml:5:49-81
41        <activity
41-->[:unityLibrary] AndroidManifest.xml:28:9-49:20
42            android:name="com.unity3d.player.UnityPlayerActivity"
42-->[:unityLibrary] AndroidManifest.xml:29:13-66
43            android:configChanges="mcc|mnc|locale|touchscreen|keyboard|keyboardHidden|navigation|orientation|screenLayout|uiMode|screenSize|smallestScreenSize|fontScale|layoutDirection|density"
43-->[:unityLibrary] AndroidManifest.xml:30:13-194
44            android:hardwareAccelerated="false"
44-->[:unityLibrary] AndroidManifest.xml:31:13-48
45            android:launchMode="singleTask"
45-->[:unityLibrary] AndroidManifest.xml:32:13-44
46            android:resizeableActivity="false"
46-->[:unityLibrary] AndroidManifest.xml:33:13-47
47            android:screenOrientation="fullSensor"
47-->[:unityLibrary] AndroidManifest.xml:34:13-51
48            android:theme="@style/UnityThemeSelector" >
48-->[:unityLibrary] AndroidManifest.xml:35:13-54
49            <intent-filter>
49-->[:unityLibrary] AndroidManifest.xml:36:13-41:29
50                <action android:name="android.intent.action.MAIN" />
50-->[:unityLibrary] AndroidManifest.xml:37:17-69
50-->[:unityLibrary] AndroidManifest.xml:37:25-66
51
52                <category android:name="android.intent.category.LAUNCHER" />
52-->[:unityLibrary] AndroidManifest.xml:39:17-77
52-->[:unityLibrary] AndroidManifest.xml:39:27-74
53                <category android:name="android.intent.category.LEANBACK_LAUNCHER" />
53-->[:unityLibrary] AndroidManifest.xml:40:17-86
53-->[:unityLibrary] AndroidManifest.xml:40:27-83
54            </intent-filter>
55
56            <meta-data
56-->[:unityLibrary] AndroidManifest.xml:43:13-45:40
57                android:name="unityplayer.UnityActivity"
57-->[:unityLibrary] AndroidManifest.xml:44:17-57
58                android:value="true" />
58-->[:unityLibrary] AndroidManifest.xml:45:17-37
59            <meta-data
59-->[:unityLibrary] AndroidManifest.xml:46:13-48:40
60                android:name="android.notch_support"
60-->[:unityLibrary] AndroidManifest.xml:47:17-53
61                android:value="true" />
61-->[:unityLibrary] AndroidManifest.xml:48:17-37
62        </activity>
63
64        <meta-data
64-->[:unityLibrary] AndroidManifest.xml:51:9-53:33
65            android:name="unity.splash-mode"
65-->[:unityLibrary] AndroidManifest.xml:52:13-45
66            android:value="0" />
66-->[:unityLibrary] AndroidManifest.xml:53:13-30
67        <meta-data
67-->[:unityLibrary] AndroidManifest.xml:54:9-56:36
68            android:name="unity.splash-enable"
68-->[:unityLibrary] AndroidManifest.xml:55:13-47
69            android:value="True" />
69-->[:unityLibrary] AndroidManifest.xml:56:13-33
70        <meta-data
70-->[:unityLibrary] AndroidManifest.xml:57:9-59:37
71            android:name="unity.allow-resizable-window"
71-->[:unityLibrary] AndroidManifest.xml:58:13-56
72            android:value="False" />
72-->[:unityLibrary] AndroidManifest.xml:59:13-34
73        <meta-data
73-->[:unityLibrary] AndroidManifest.xml:60:9-62:50
74            android:name="notch.config"
74-->[:unityLibrary] AndroidManifest.xml:61:13-40
75            android:value="portrait|landscape" />
75-->[:unityLibrary] AndroidManifest.xml:62:13-47
76        <meta-data
76-->[:unityLibrary] AndroidManifest.xml:63:9-65:68
77            android:name="unity.build-id"
77-->[:unityLibrary] AndroidManifest.xml:64:13-42
78            android:value="e5a14b34-427a-4a5f-bb85-843d70d9bf14" />
78-->[:unityLibrary] AndroidManifest.xml:65:13-65
79    </application>
80
81</manifest>